<?xml version="1.0" encoding="UTF-8"?>
<!-- Generated by org.testng.reporters.JUnitReportReporter -->
<testsuite hostname="DESKTOP-73BU5A3" failures="0" tests="6" name="com.wipro.testng.webapps.irctc2" time="6.333" errors="0" timestamp="2025-03-03T17:06:12 IST" skipped="0">
  <testcase classname="com.wipro.testng.webapps.irctc2" name="method1" time="3.117"/>
  <testcase classname="com.wipro.testng.webapps.irctc2" name="method2" time="0.782"/>
  <testcase classname="com.wipro.testng.webapps.irctc2" name="method4" time="0.551"/>
  <testcase classname="com.wipro.testng.webapps.irctc2" name="method6" time="0.402"/>
  <testcase classname="com.wipro.testng.webapps.irctc2" name="method3" time="0.837"/>
  <testcase classname="com.wipro.testng.webapps.irctc2" name="method5" time="0.644"/>
</testsuite> <!-- com.wipro.testng.webapps.irctc2 -->
