<?xml version="1.0" encoding="UTF-8"?>
<!-- Generated by org.testng.reporters.JUnitReportReporter -->
<testsuite hostname="DESKTOP-73BU5A3" failures="0" tests="7" name="com.wipro.testng.webapps.irctc" time="5.745" errors="0" timestamp="2025-03-03T17:03:35 IST" skipped="0">
  <testcase classname="com.wipro.testng.webapps.irctc" name="checkBoxe" time="0.469"/>
  <testcase classname="com.wipro.testng.webapps.irctc" name="quota" time="0.986"/>
  <testcase classname="com.wipro.testng.webapps.irctc" name="date" time="0.809"/>
  <testcase classname="com.wipro.testng.webapps.irctc" name="from" time="0.646"/>
  <testcase classname="com.wipro.testng.webapps.irctc" name="allClass" time="1.402"/>
  <testcase classname="com.wipro.testng.webapps.irctc" name="search" time="0.963"/>
  <testcase classname="com.wipro.testng.webapps.irctc" name="to" time="0.470"/>
</testsuite> <!-- com.wipro.testng.webapps.irctc -->
