<?xml version="1.0" encoding="UTF-8"?>
<!-- Generated by org.testng.reporters.JUnitReportReporter -->
<testsuite hostname="DESKTOP-73BU5A3" failures="0" tests="1" name="com.wipro.testng.TestClassMethod" time="0.013" errors="0" timestamp="2025-02-28T16:30:13 IST" skipped="0">
  <testcase classname="com.wipro.testng.TestClassMethod" name="test" time="0.013"/>
</testsuite> <!-- com.wipro.testng.TestClassMethod -->
