<?xml version="1.0" encoding="UTF-8"?>
<!-- Generated by org.testng.reporters.JUnitReportReporter -->
<testsuite hostname="DESKTOP-73BU5A3" failures="0" tests="2" name="com.wipro.testng.FailedTestCases" time="0.526" errors="0" timestamp="2025-03-05T15:43:49 IST" skipped="0">
  <testcase classname="com.wipro.testng.FailedTestCases" name="test1" time="0.046"/>
  <testcase classname="com.wipro.testng.FailedTestCases" name="test2" time="0.480"/>
</testsuite> <!-- com.wipro.testng.FailedTestCases -->
