<?xml version="1.0" encoding="UTF-8"?>
<!-- Generated by org.testng.reporters.JUnitReportReporter -->
<testsuite hostname="DESKTOP-73BU5A3" failures="0" tests="2" name="com.wipro.testng.TestClass" time="0.029" errors="0" timestamp="2025-02-28T16:07:50 IST" skipped="0">
  <testcase classname="com.wipro.testng.TestClass" name="test" time="0.021"/>
  <testcase classname="com.wipro.testng.TestClass" name="test1" time="0.008"/>
</testsuite> <!-- com.wipro.testng.TestClass -->
