<?xml version="1.0" encoding="UTF-8"?>
<!-- Generated by org.testng.reporters.JUnitReportReporter -->
<testsuite hostname="DESKTOP-73BU5A3" failures="0" tests="2" name="com.wipro.testng.group.GroupTest" time="0.032" errors="0" timestamp="2025-03-04T13:01:50 IST" skipped="0">
  <testcase classname="com.wipro.testng.group.GroupTest" name="test2" time="0.028"/>
  <testcase classname="com.wipro.testng.group.GroupTest" name="test5" time="0.004"/>
</testsuite> <!-- com.wipro.testng.group.GroupTest -->
