<?xml version="1.0" encoding="UTF-8"?>
<!-- Generated by org.testng.reporters.JUnitReportReporter -->
<testsuite hostname="DESKTOP-73BU5A3" failures="0" tests="1" name="com.wipro.testng.Ab" time="0.016" errors="0" timestamp="2025-02-28T16:29:45 IST" skipped="0">
  <testcase classname="com.wipro.testng.Ab" name="test" time="0.016"/>
</testsuite> <!-- com.wipro.testng.Ab -->
