<?xml version="1.0" encoding="UTF-8"?>
<!-- Generated by org.testng.reporters.JUnitReportReporter -->
<testsuite hostname="DESKTOP-73BU5A3" failures="0" tests="1" name="com.wipro.testng.RediffLogin" time="1.082" errors="0" timestamp="2025-02-28T16:42:34 IST" skipped="0">
  <testcase classname="com.wipro.testng.RediffLogin" name="login" time="1.082"/>
</testsuite> <!-- com.wipro.testng.RediffLogin -->
