<?xml version="1.0" encoding="UTF-8"?>
<!-- Generated by org.testng.reporters.JUnitReportReporter -->
<testsuite hostname="DESKTOP-73BU5A3" failures="0" tests="4" name="com.wipro.testng.DemoTestPriority" time="0.057" errors="0" timestamp="2025-02-28T13:23:35 IST" skipped="0">
  <testcase classname="com.wipro.testng.DemoTestPriority" name="methodb" time="0.031"/>
  <testcase classname="com.wipro.testng.DemoTestPriority" name="methodB" time="0.006"/>
  <testcase classname="com.wipro.testng.DemoTestPriority" name="method1" time="0.016"/>
  <testcase classname="com.wipro.testng.DemoTestPriority" name="methodA" time="0.004"/>
</testsuite> <!-- com.wipro.testng.DemoTestPriority -->
