<?xml version="1.0" encoding="UTF-8"?>
<!-- Generated by org.testng.reporters.JUnitReportReporter -->
<testsuite hostname="DESKTOP-73BU5A3" failures="0" tests="1" name="com.wipro.testng.webapps.Create_RediffAccount" time="25.641" errors="0" timestamp="2025-03-04T17:18:17 IST" skipped="0">
  <testcase classname="com.wipro.testng.webapps.Create_RediffAccount" name="accountCreate" time="25.641"/>
</testsuite> <!-- com.wipro.testng.webapps.Create_RediffAccount -->
