<?xml version="1.0" encoding="UTF-8"?>
<!-- Generated by org.testng.reporters.JUnitReportReporter -->
<testsuite hostname="DESKTOP-73BU5A3" failures="0" tests="1" name="com.wipro.testng.webapps.RediffLogin" time="1.602" errors="0" timestamp="2025-03-04T17:35:22 IST" skipped="0">
  <testcase classname="com.wipro.testng.webapps.RediffLogin" name="login" time="1.602"/>
</testsuite> <!-- com.wipro.testng.webapps.RediffLogin -->
