<?xml version="1.0" encoding="UTF-8"?>
<!-- Generated by org.testng.reporters.JUnitReportReporter -->
<testsuite hostname="DESKTOP-73BU5A3" failures="0" tests="3" name="com.wipro.testng.TestMethod" time="0.037" errors="0" timestamp="2025-02-28T15:51:49 IST" skipped="0">
  <testcase classname="com.wipro.testng.TestMethod" name="test2" time="0.005"/>
  <testcase classname="com.wipro.testng.TestMethod" name="test" time="0.019"/>
  <testcase classname="com.wipro.testng.TestMethod" name="test1" time="0.013"/>
</testsuite> <!-- com.wipro.testng.TestMethod -->
