<?xml version="1.0" encoding="UTF-8"?>
<!-- Generated by org.testng.reporters.JUnitReportReporter -->
<testsuite hostname="DESKTOP-73BU5A3" failures="0" tests="1" name="com.wipro.testng.webapps.IRCTC_Booking" time="11.439" errors="0" timestamp="2025-03-03T16:45:38 IST" skipped="0">
  <testcase classname="com.wipro.testng.webapps.IRCTC_Booking" name="ticketBooking" time="11.439"/>
</testsuite> <!-- com.wipro.testng.webapps.IRCTC_Booking -->
