<?xml version="1.0" encoding="UTF-8"?>
<!-- Generated by org.testng.reporters.JUnitReportReporter -->
<testsuite hostname="DESKTOP-73BU5A3" failures="0" tests="4" name="com.wipro.testng.DemoTest" time="0.039" errors="0" timestamp="2025-02-28T13:12:15 IST" skipped="0">
  <testcase classname="com.wipro.testng.DemoTest" name="methodA" time="0.007"/>
  <testcase classname="com.wipro.testng.DemoTest" name="methodB" time="0.004"/>
  <testcase classname="com.wipro.testng.DemoTest" name="methodb" time="0.010"/>
  <testcase classname="com.wipro.testng.DemoTest" name="method1" time="0.018"/>
</testsuite> <!-- com.wipro.testng.DemoTest -->
